
-----------------------------------------------------------------
Starting new training run
-----------------------------------------------------------------

-----------------------------------------------------------------
Starting new training run
-----------------------------------------------------------------

-----------------------------------------------------------------
Starting new training run
-----------------------------------------------------------------
[2019-03-10 14:41:19.789]  Loaded metadata for 13100 examples (23.94 hours)
[2019-03-10 15:07:23.889]  Initialized Tacotron model. Dimensions: 
[2019-03-10 15:07:23.889]    embedding:               256
[2019-03-10 15:07:23.889]    prenet out:              128
[2019-03-10 15:07:23.889]    encoder out:             256
[2019-03-10 15:07:23.889]    attention out:           256
[2019-03-10 15:07:23.889]    concat attn & out:       512
[2019-03-10 15:07:23.889]    decoder cell out:        256
[2019-03-10 15:07:23.889]    decoder out (5 frames):  400
[2019-03-10 15:07:23.889]    decoder out (1 frame):   80
[2019-03-10 15:07:23.889]    postnet out:             256
[2019-03-10 15:07:23.890]    linear out:              1025

-----------------------------------------------------------------
Starting new training run
-----------------------------------------------------------------
[2019-03-10 15:15:06.562]  Loaded metadata for 13100 examples (23.94 hours)
[2019-03-10 15:15:08.745]  Initialized Tacotron model. Dimensions: 
[2019-03-10 15:15:08.745]    embedding:               256
[2019-03-10 15:15:08.745]    prenet out:              128
[2019-03-10 15:15:08.745]    encoder out:             256
[2019-03-10 15:15:08.745]    attention out:           256
[2019-03-10 15:15:08.745]    concat attn & out:       512
[2019-03-10 15:15:08.745]    decoder cell out:        256
[2019-03-10 15:15:08.745]    decoder out (5 frames):  400
[2019-03-10 15:15:08.745]    decoder out (1 frame):   80
[2019-03-10 15:15:08.745]    postnet out:             256
[2019-03-10 15:15:08.746]    linear out:              1025

-----------------------------------------------------------------
Starting new training run
-----------------------------------------------------------------

-----------------------------------------------------------------
Starting new training run
-----------------------------------------------------------------

-----------------------------------------------------------------
Starting new training run
-----------------------------------------------------------------
[2019-03-10 17:04:11.131]  Initialized Tacotron model. Dimensions: 
[2019-03-10 17:04:11.131]      embedding:                             256
[2019-03-10 17:04:11.131]      prenet out:                            128
[2019-03-10 17:04:11.131]      encoder out:                         256
[2019-03-10 17:04:11.131]      attention out:                     256
[2019-03-10 17:04:11.131]      concat attn & out:             512
[2019-03-10 17:04:11.131]      decoder cell out:                256
[2019-03-10 17:04:11.131]      decoder out (5 frames):    400
[2019-03-10 17:04:11.131]      decoder out (1 frame):     80
[2019-03-10 17:04:11.131]      postnet out:                         256
[2019-03-10 17:04:11.132]      linear out:                            1025

-----------------------------------------------------------------
Starting new training run
-----------------------------------------------------------------
[2019-03-10 17:05:03.570]  Initialized Tacotron model. Dimensions: 
[2019-03-10 17:05:03.570]      embedding:                  256
[2019-03-10 17:05:03.570]      prenet out:                 128
[2019-03-10 17:05:03.570]      encoder out:                256
[2019-03-10 17:05:03.570]      attention out:              256
[2019-03-10 17:05:03.570]      concat attn & out:          512
[2019-03-10 17:05:03.570]      decoder cell out:           256
[2019-03-10 17:05:03.570]      decoder out (5 frames):    400
[2019-03-10 17:05:03.570]      decoder out (1 frame):      80
[2019-03-10 17:05:03.570]      postnet out:                256
[2019-03-10 17:05:03.571]      linear out:                 1025

-----------------------------------------------------------------
Starting new training run
-----------------------------------------------------------------
[2019-03-10 17:05:30.498]  Initialized Tacotron model. Dimensions: 
[2019-03-10 17:05:30.498]      embedding:                  256
[2019-03-10 17:05:30.498]      prenet out:                 128
[2019-03-10 17:05:30.498]      encoder out:                256
[2019-03-10 17:05:30.499]      attention out:              256
[2019-03-10 17:05:30.499]      concat attn & out:          512
[2019-03-10 17:05:30.499]      decoder cell out:           256
[2019-03-10 17:05:30.499]      decoder out (5 frames):     400
[2019-03-10 17:05:30.499]      decoder out (1 frame):      80
[2019-03-10 17:05:30.499]      postnet out:                256
[2019-03-10 17:05:30.499]      linear out:                 1025

-----------------------------------------------------------------
Starting new training run
-----------------------------------------------------------------
[2019-03-10 17:06:29.282]  Initialized Tacotron model. Dimensions: 
[2019-03-10 17:06:29.282]      embedding:                  256
[2019-03-10 17:06:29.282]      prenet out:                 128
[2019-03-10 17:06:29.282]      encoder out:                256
[2019-03-10 17:06:29.282]      attention out:              256
[2019-03-10 17:06:29.282]      concat attn & out:          512
[2019-03-10 17:06:29.282]      decoder cell out:           256
[2019-03-10 17:06:29.282]      decoder out (5 frames):     400
[2019-03-10 17:06:29.282]      decoder out (1 frame):      80
[2019-03-10 17:06:29.282]      postnet out:                256
[2019-03-10 17:06:29.283]      linear out:                 1025

-----------------------------------------------------------------
Starting new training run
-----------------------------------------------------------------
[2019-03-10 17:09:14.368]  Initialized Tacotron model. Dimensions: 
[2019-03-10 17:09:14.368]      embedding:                  256
[2019-03-10 17:09:14.369]      prenet out:                 128
[2019-03-10 17:09:14.369]      encoder out:                256
[2019-03-10 17:09:14.369]      attention out:              256
[2019-03-10 17:09:14.369]      concat attn & out:          512
[2019-03-10 17:09:14.369]      decoder cell out:           256
[2019-03-10 17:09:14.369]      decoder out (5 frames):     400
[2019-03-10 17:09:14.369]      decoder out (1 frame):      80
[2019-03-10 17:09:14.369]      postnet out:                256
[2019-03-10 17:09:14.369]      linear out:                 1025

-----------------------------------------------------------------
Starting new training run
-----------------------------------------------------------------
[2019-03-10 17:10:18.306]  Initialized Tacotron model. Dimensions: 
[2019-03-10 17:10:18.306]      embedding:                  256
[2019-03-10 17:10:18.306]      prenet out:                 128
[2019-03-10 17:10:18.306]      encoder out:                256
[2019-03-10 17:10:18.306]      attention out:              256
[2019-03-10 17:10:18.306]      concat attn & out:          512
[2019-03-10 17:10:18.306]      decoder cell out:           256
[2019-03-10 17:10:18.306]      decoder out (5 frames):     400
[2019-03-10 17:10:18.306]      decoder out (1 frame):      80
[2019-03-10 17:10:18.306]      postnet out:                256
[2019-03-10 17:10:18.307]      linear out:                 1025

-----------------------------------------------------------------
Starting new training run
-----------------------------------------------------------------
[2019-03-10 17:20:15.938]  Initialized Tacotron model. Dimensions: 
[2019-03-10 17:20:15.938]      embedding:                  256
[2019-03-10 17:20:15.938]      prenet out:                 128
[2019-03-10 17:20:15.938]      encoder out:                256
[2019-03-10 17:20:15.938]      attention out:              256
[2019-03-10 17:20:15.938]      concat attn & out:          512
[2019-03-10 17:20:15.938]      decoder cell out:           256
[2019-03-10 17:20:15.938]      decoder out (5 frames):     400
[2019-03-10 17:20:15.938]      decoder out (1 frame):      80
[2019-03-10 17:20:15.938]      postnet out:                256
[2019-03-10 17:20:15.939]      linear out:                 1025

-----------------------------------------------------------------
Starting new training run
-----------------------------------------------------------------
[2019-03-10 17:20:52.810]  Initialized Tacotron model. Dimensions: 
[2019-03-10 17:20:52.810]      embedding:                  256
[2019-03-10 17:20:52.810]      prenet out:                 128
[2019-03-10 17:20:52.810]      encoder out:                256
[2019-03-10 17:20:52.811]      attention out:              256
[2019-03-10 17:20:52.811]      concat attn & out:          512
[2019-03-10 17:20:52.811]      decoder cell out:           256
[2019-03-10 17:20:52.811]      decoder out (5 frames):     400
[2019-03-10 17:20:52.811]      decoder out (1 frame):      80
[2019-03-10 17:20:52.811]      postnet out:                256
[2019-03-10 17:20:52.811]      linear out:                 1025

-----------------------------------------------------------------
Starting new training run
-----------------------------------------------------------------
[2019-03-10 17:22:07.441]  Initialized Tacotron model. Dimensions: 
[2019-03-10 17:22:07.441]      embedding:                  256
[2019-03-10 17:22:07.441]      prenet out:                 128
[2019-03-10 17:22:07.441]      encoder out:                256
[2019-03-10 17:22:07.441]      attention out:              256
[2019-03-10 17:22:07.441]      concat attn & out:          512
[2019-03-10 17:22:07.441]      decoder cell out:           256
[2019-03-10 17:22:07.441]      decoder out (5 frames):     400
[2019-03-10 17:22:07.441]      decoder out (1 frame):      80
[2019-03-10 17:22:07.441]      postnet out:                256
[2019-03-10 17:22:07.442]      linear out:                 1025

-----------------------------------------------------------------
Starting new training run
-----------------------------------------------------------------
[2019-03-10 17:23:42.137]  Initialized Tacotron model. Dimensions: 
[2019-03-10 17:23:42.137]      embedding:                  256
[2019-03-10 17:23:42.137]      prenet out:                 128
[2019-03-10 17:23:42.137]      encoder out:                256
[2019-03-10 17:23:42.138]      attention out:              256
[2019-03-10 17:23:42.138]      concat attn & out:          512
[2019-03-10 17:23:42.138]      decoder cell out:           256
[2019-03-10 17:23:42.138]      decoder out (5 frames):     400
[2019-03-10 17:23:42.138]      decoder out (1 frame):      80
[2019-03-10 17:23:42.138]      postnet out:                256
[2019-03-10 17:23:42.138]      linear out:                 1025

-----------------------------------------------------------------
Starting new training run
-----------------------------------------------------------------
[2019-03-10 17:24:42.177]  Initialized Tacotron model. Dimensions: 
[2019-03-10 17:24:42.177]      embedding:                  256
[2019-03-10 17:24:42.177]      prenet out:                 128
[2019-03-10 17:24:42.177]      encoder out:                256
[2019-03-10 17:24:42.177]      attention out:              256
[2019-03-10 17:24:42.178]      concat attn & out:          512
[2019-03-10 17:24:42.178]      decoder cell out:           256
[2019-03-10 17:24:42.178]      decoder out (5 frames):     400
[2019-03-10 17:24:42.178]      decoder out (1 frame):      80
[2019-03-10 17:24:42.178]      postnet out:                256
[2019-03-10 17:24:42.178]      linear out:                 1025

-----------------------------------------------------------------
Starting new training run
-----------------------------------------------------------------
[2019-03-10 17:30:52.876]  Initialized Tacotron model. Dimensions: 
[2019-03-10 17:30:52.876]      embedding:                  256
[2019-03-10 17:30:52.876]      prenet out:                 128
[2019-03-10 17:30:52.876]      encoder out:                256
[2019-03-10 17:30:52.876]      attention out:              256
[2019-03-10 17:30:52.876]      concat attn & out:          512
[2019-03-10 17:30:52.876]      decoder cell out:           256
[2019-03-10 17:30:52.876]      decoder out (5 frames):     400
[2019-03-10 17:30:52.876]      decoder out (1 frame):      80
[2019-03-10 17:30:52.876]      postnet out:                256
[2019-03-10 17:30:52.877]      linear out:                 1025

-----------------------------------------------------------------
Starting new training run
-----------------------------------------------------------------
[2019-03-10 17:51:19.377]  Initialized Tacotron model. Dimensions: 
[2019-03-10 17:51:19.377]      embedding:                  256
[2019-03-10 17:51:19.377]      prenet out:                 128
[2019-03-10 17:51:19.377]      encoder out:                256
[2019-03-10 17:51:19.377]      attention out:              256
[2019-03-10 17:51:19.377]      concat attn & out:          512
[2019-03-10 17:51:19.377]      decoder cell out:           256
[2019-03-10 17:51:19.378]      decoder out (5 frames):     400
[2019-03-10 17:51:19.378]      decoder out (1 frame):      80
[2019-03-10 17:51:19.378]      postnet out:                256
[2019-03-10 17:51:19.378]      linear out:                 1025

-----------------------------------------------------------------
Starting new training run
-----------------------------------------------------------------
[2019-03-10 17:57:03.188]  Initialized Tacotron model. Dimensions: 
[2019-03-10 17:57:03.188]      embedding:                  256
[2019-03-10 17:57:03.188]      prenet out:                 128
[2019-03-10 17:57:03.188]      encoder out:                256
[2019-03-10 17:57:03.188]      attention out:              256
[2019-03-10 17:57:03.188]      concat attn & out:          512
[2019-03-10 17:57:03.188]      decoder cell out:           256
[2019-03-10 17:57:03.188]      decoder out (5 frames):     400
[2019-03-10 17:57:03.188]      decoder out (1 frame):      80
[2019-03-10 17:57:03.188]      postnet out:                256
[2019-03-10 17:57:03.189]      linear out:                 1025

-----------------------------------------------------------------
Starting new training run
-----------------------------------------------------------------
[2019-03-10 18:09:48.226]  Initialized Tacotron model. Dimensions: 
[2019-03-10 18:09:48.226]      embedding:                  256
[2019-03-10 18:09:48.226]      prenet out:                 128
[2019-03-10 18:09:48.226]      encoder out:                256
[2019-03-10 18:09:48.226]      attention out:              256
[2019-03-10 18:09:48.226]      concat attn & out:          512
[2019-03-10 18:09:48.226]      decoder cell out:           256
[2019-03-10 18:09:48.226]      decoder out (5 frames):     400
[2019-03-10 18:09:48.226]      decoder out (1 frame):      80
[2019-03-10 18:09:48.226]      postnet out:                256
[2019-03-10 18:09:48.227]      linear out:                 1025

-----------------------------------------------------------------
Starting new training run
-----------------------------------------------------------------
[2019-03-10 18:13:13.063]  Initialized Tacotron model. Dimensions: 
[2019-03-10 18:13:13.063]      embedding:                  256
[2019-03-10 18:13:13.063]      prenet out:                 128
[2019-03-10 18:13:13.063]      encoder out:                256
[2019-03-10 18:13:13.063]      attention out:              256
[2019-03-10 18:13:13.063]      concat attn & out:          512
[2019-03-10 18:13:13.063]      decoder cell out:           256
[2019-03-10 18:13:13.063]      decoder out (5 frames):     400
[2019-03-10 18:13:13.063]      decoder out (1 frame):      80
[2019-03-10 18:13:13.063]      postnet out:                256
[2019-03-10 18:13:13.064]      linear out:                 1025

-----------------------------------------------------------------
Starting new training run
-----------------------------------------------------------------
[2019-03-10 18:14:40.620]  Initialized Tacotron model. Dimensions: 
[2019-03-10 18:14:40.620]      embedding:                  256
[2019-03-10 18:14:40.620]      prenet out:                 128
[2019-03-10 18:14:40.620]      encoder out:                256
[2019-03-10 18:14:40.620]      attention out:              256
[2019-03-10 18:14:40.620]      concat attn & out:          512
[2019-03-10 18:14:40.620]      decoder cell out:           256
[2019-03-10 18:14:40.621]      decoder out (5 frames):     400
[2019-03-10 18:14:40.621]      decoder out (1 frame):      80
[2019-03-10 18:14:40.621]      postnet out:                256
[2019-03-10 18:14:40.621]      linear out:                 1025

-----------------------------------------------------------------
Starting new training run
-----------------------------------------------------------------

-----------------------------------------------------------------
Starting new training run
-----------------------------------------------------------------
[2019-03-10 18:16:33.939]  Initialized Tacotron model. Dimensions: 
[2019-03-10 18:16:33.939]      embedding:                  256
[2019-03-10 18:16:33.939]      prenet out:                 128
[2019-03-10 18:16:33.939]      encoder out:                256
[2019-03-10 18:16:33.939]      attention out:              256
[2019-03-10 18:16:33.939]      concat attn & out:          512
[2019-03-10 18:16:33.939]      decoder cell out:           256
[2019-03-10 18:16:33.939]      decoder out (5 frames):     400
[2019-03-10 18:16:33.939]      decoder out (1 frame):      80
[2019-03-10 18:16:33.939]      postnet out:                256
[2019-03-10 18:16:33.940]      linear out:                 1025

-----------------------------------------------------------------
Starting new training run
-----------------------------------------------------------------
[2019-03-10 18:17:12.272]  Initialized Tacotron model. Dimensions: 
[2019-03-10 18:17:12.272]      embedding:                  256
[2019-03-10 18:17:12.272]      prenet out:                 128
[2019-03-10 18:17:12.272]      encoder out:                256
[2019-03-10 18:17:12.272]      attention out:              256
[2019-03-10 18:17:12.272]      concat attn & out:          512
[2019-03-10 18:17:12.272]      decoder cell out:           256
[2019-03-10 18:17:12.272]      decoder out (5 frames):     400
[2019-03-10 18:17:12.272]      decoder out (1 frame):      80
[2019-03-10 18:17:12.272]      postnet out:                256
[2019-03-10 18:17:12.273]      linear out:                 1025

-----------------------------------------------------------------
Starting new training run
-----------------------------------------------------------------
[2019-03-10 18:20:51.047]  Initialized Tacotron model. Dimensions: 
[2019-03-10 18:20:51.047]      embedding:                  256
[2019-03-10 18:20:51.047]      prenet out:                 128
[2019-03-10 18:20:51.047]      encoder out:                256
[2019-03-10 18:20:51.047]      attention out:              256
[2019-03-10 18:20:51.047]      concat attn & out:          512
[2019-03-10 18:20:51.047]      decoder cell out:           256
[2019-03-10 18:20:51.048]      decoder out (5 frames):     400
[2019-03-10 18:20:51.048]      decoder out (1 frame):      80
[2019-03-10 18:20:51.048]      postnet out:                256
[2019-03-10 18:20:51.048]      linear out:                 1025

-----------------------------------------------------------------
Starting new training run
-----------------------------------------------------------------
[2019-03-10 18:21:17.460]  Initialized Tacotron model. Dimensions: 
[2019-03-10 18:21:17.460]      embedding:                  256
[2019-03-10 18:21:17.460]      prenet out:                 128
[2019-03-10 18:21:17.460]      encoder out:                256
[2019-03-10 18:21:17.460]      attention out:              256
[2019-03-10 18:21:17.460]      concat attn & out:          512
[2019-03-10 18:21:17.460]      decoder cell out:           256
[2019-03-10 18:21:17.460]      decoder out (5 frames):     400
[2019-03-10 18:21:17.460]      decoder out (1 frame):      80
[2019-03-10 18:21:17.460]      postnet out:                256
[2019-03-10 18:21:17.461]      linear out:                 1025
